2018-08-23 17:46:12.708  INFO 9432 --- [main] com.agg.wx.open.WxOpenApplication        : Starting WxOpenApplication on smapple with PID 9432 (D:\IdeaProjects\weixin-java-open-demo\target\classes started by smapple in D:\IdeaProjects\weixin-java-open-demo)
2018-08-23 17:46:12.711  INFO 9432 --- [main] com.agg.wx.open.WxOpenApplication        : The following profiles are active: dev
2018-08-23 17:46:12.752  INFO 9432 --- [main] ationConfigEmbeddedWebApplicationContext : Refreshing org.springframework.boot.context.embedded.AnnotationConfigEmbeddedWebApplicationContext@6a78afa0: startup date [Thu Aug 23 17:46:12 CST 2018]; root of context hierarchy
2018-08-23 17:46:12.888  WARN 9432 --- [main] ationConfigEmbeddedWebApplicationContext : Exception encountered during context initialization - cancelling refresh attempt: org.springframework.beans.factory.BeanDefinitionStoreException: Failed to parse configuration class [com.agg.wx.open.WxOpenApplication]; nested exception is java.io.FileNotFoundException: class path resource [me/chanjar/weixin/common/util/http/RequestHttp.class] cannot be opened because it does not exist
2018-08-23 17:46:12.892 ERROR 9432 --- [main] o.s.b.f.s.DefaultListableBeanFactory     : Destroy method on bean with name 'org.springframework.boot.autoconfigure.internalCachingMetadataReaderFactory' threw an exception

java.lang.IllegalStateException: ApplicationEventMulticaster not initialized - call 'refresh' before multicasting events via the context: org.springframework.boot.context.embedded.AnnotationConfigEmbeddedWebApplicationContext@6a78afa0: startup date [Thu Aug 23 17:46:12 CST 2018]; root of context hierarchy
	at org.springframework.context.support.AbstractApplicationContext.getApplicationEventMulticaster(AbstractApplicationContext.java:414) [spring-context-4.3.10.RELEASE.jar:4.3.10.RELEASE]
	at org.springframework.context.support.ApplicationListenerDetector.postProcessBeforeDestruction(ApplicationListenerDetector.java:97) ~[spring-context-4.3.10.RELEASE.jar:4.3.10.RELEASE]
	at org.springframework.beans.factory.support.DisposableBeanAdapter.destroy(DisposableBeanAdapter.java:253) ~[spring-beans-4.3.10.RELEASE.jar:4.3.10.RELEASE]
	at org.springframework.beans.factory.support.DefaultSingletonBeanRegistry.destroyBean(DefaultSingletonBeanRegistry.java:578) [spring-beans-4.3.10.RELEASE.jar:4.3.10.RELEASE]
	at org.springframework.beans.factory.support.DefaultSingletonBeanRegistry.destroySingleton(DefaultSingletonBeanRegistry.java:554) [spring-beans-4.3.10.RELEASE.jar:4.3.10.RELEASE]
	at org.springframework.beans.factory.support.DefaultListableBeanFactory.destroySingleton(DefaultListableBeanFactory.java:961) [spring-beans-4.3.10.RELEASE.jar:4.3.10.RELEASE]
	at org.springframework.beans.factory.support.DefaultSingletonBeanRegistry.destroySingletons(DefaultSingletonBeanRegistry.java:523) [spring-beans-4.3.10.RELEASE.jar:4.3.10.RELEASE]
	at org.springframework.beans.factory.support.FactoryBeanRegistrySupport.destroySingletons(FactoryBeanRegistrySupport.java:230) [spring-beans-4.3.10.RELEASE.jar:4.3.10.RELEASE]
	at org.springframework.beans.factory.support.DefaultListableBeanFactory.destroySingletons(DefaultListableBeanFactory.java:968) [spring-beans-4.3.10.RELEASE.jar:4.3.10.RELEASE]
	at org.springframework.context.support.AbstractApplicationContext.destroyBeans(AbstractApplicationContext.java:1030) [spring-context-4.3.10.RELEASE.jar:4.3.10.RELEASE]
	at org.springframework.context.support.AbstractApplicationContext.refresh(AbstractApplicationContext.java:556) [spring-context-4.3.10.RELEASE.jar:4.3.10.RELEASE]
	at org.springframework.boot.context.embedded.EmbeddedWebApplicationContext.refresh(EmbeddedWebApplicationContext.java:122) [spring-boot-1.5.6.RELEASE.jar:1.5.6.RELEASE]
	at org.springframework.boot.SpringApplication.refresh(SpringApplication.java:693) [spring-boot-1.5.6.RELEASE.jar:1.5.6.RELEASE]
	at org.springframework.boot.SpringApplication.refreshContext(SpringApplication.java:360) [spring-boot-1.5.6.RELEASE.jar:1.5.6.RELEASE]
	at org.springframework.boot.SpringApplication.run(SpringApplication.java:303) [spring-boot-1.5.6.RELEASE.jar:1.5.6.RELEASE]
	at org.springframework.boot.SpringApplication.run(SpringApplication.java:1118) [spring-boot-1.5.6.RELEASE.jar:1.5.6.RELEASE]
	at org.springframework.boot.SpringApplication.run(SpringApplication.java:1107) [spring-boot-1.5.6.RELEASE.jar:1.5.6.RELEASE]
	at com.agg.wx.open.WxOpenApplication.main(WxOpenApplication.java:13) [classes/:na]

2018-08-23 17:46:12.900 ERROR 9432 --- [main] o.s.boot.SpringApplication               : Application startup failed

org.springframework.beans.factory.BeanDefinitionStoreException: Failed to parse configuration class [com.agg.wx.open.WxOpenApplication]; nested exception is java.io.FileNotFoundException: class path resource [me/chanjar/weixin/common/util/http/RequestHttp.class] cannot be opened because it does not exist
	at org.springframework.context.annotation.ConfigurationClassParser.parse(ConfigurationClassParser.java:181) ~[spring-context-4.3.10.RELEASE.jar:4.3.10.RELEASE]
	at org.springframework.context.annotation.ConfigurationClassPostProcessor.processConfigBeanDefinitions(ConfigurationClassPostProcessor.java:308) ~[spring-context-4.3.10.RELEASE.jar:4.3.10.RELEASE]
	at org.springframework.context.annotation.ConfigurationClassPostProcessor.postProcessBeanDefinitionRegistry(ConfigurationClassPostProcessor.java:228) ~[spring-context-4.3.10.RELEASE.jar:4.3.10.RELEASE]
	at org.springframework.context.support.PostProcessorRegistrationDelegate.invokeBeanDefinitionRegistryPostProcessors(PostProcessorRegistrationDelegate.java:270) ~[spring-context-4.3.10.RELEASE.jar:4.3.10.RELEASE]
	at org.springframework.context.support.PostProcessorRegistrationDelegate.invokeBeanFactoryPostProcessors(PostProcessorRegistrationDelegate.java:93) ~[spring-context-4.3.10.RELEASE.jar:4.3.10.RELEASE]
	at org.springframework.context.support.AbstractApplicationContext.invokeBeanFactoryPostProcessors(AbstractApplicationContext.java:687) ~[spring-context-4.3.10.RELEASE.jar:4.3.10.RELEASE]
	at org.springframework.context.support.AbstractApplicationContext.refresh(AbstractApplicationContext.java:525) ~[spring-context-4.3.10.RELEASE.jar:4.3.10.RELEASE]
	at org.springframework.boot.context.embedded.EmbeddedWebApplicationContext.refresh(EmbeddedWebApplicationContext.java:122) ~[spring-boot-1.5.6.RELEASE.jar:1.5.6.RELEASE]
	at org.springframework.boot.SpringApplication.refresh(SpringApplication.java:693) [spring-boot-1.5.6.RELEASE.jar:1.5.6.RELEASE]
	at org.springframework.boot.SpringApplication.refreshContext(SpringApplication.java:360) [spring-boot-1.5.6.RELEASE.jar:1.5.6.RELEASE]
	at org.springframework.boot.SpringApplication.run(SpringApplication.java:303) [spring-boot-1.5.6.RELEASE.jar:1.5.6.RELEASE]
	at org.springframework.boot.SpringApplication.run(SpringApplication.java:1118) [spring-boot-1.5.6.RELEASE.jar:1.5.6.RELEASE]
	at org.springframework.boot.SpringApplication.run(SpringApplication.java:1107) [spring-boot-1.5.6.RELEASE.jar:1.5.6.RELEASE]
	at com.agg.wx.open.WxOpenApplication.main(WxOpenApplication.java:13) [classes/:na]
Caused by: java.io.FileNotFoundException: class path resource [me/chanjar/weixin/common/util/http/RequestHttp.class] cannot be opened because it does not exist
	at org.springframework.core.io.ClassPathResource.getInputStream(ClassPathResource.java:172) ~[spring-core-4.3.10.RELEASE.jar:4.3.10.RELEASE]
	at org.springframework.core.type.classreading.SimpleMetadataReader.<init>(SimpleMetadataReader.java:50) ~[spring-core-4.3.10.RELEASE.jar:4.3.10.RELEASE]
	at org.springframework.core.type.classreading.SimpleMetadataReaderFactory.getMetadataReader(SimpleMetadataReaderFactory.java:98) ~[spring-core-4.3.10.RELEASE.jar:4.3.10.RELEASE]
	at org.springframework.boot.type.classreading.ConcurrentReferenceCachingMetadataReaderFactory.createMetadataReader(ConcurrentReferenceCachingMetadataReaderFactory.java:89) ~[spring-boot-1.5.6.RELEASE.jar:1.5.6.RELEASE]
	at org.springframework.boot.type.classreading.ConcurrentReferenceCachingMetadataReaderFactory.getMetadataReader(ConcurrentReferenceCachingMetadataReaderFactory.java:76) ~[spring-boot-1.5.6.RELEASE.jar:1.5.6.RELEASE]
	at org.springframework.core.type.classreading.SimpleMetadataReaderFactory.getMetadataReader(SimpleMetadataReaderFactory.java:93) ~[spring-core-4.3.10.RELEASE.jar:4.3.10.RELEASE]
	at org.springframework.context.annotation.ConfigurationClassParser.asSourceClass(ConfigurationClassParser.java:693) ~[spring-context-4.3.10.RELEASE.jar:4.3.10.RELEASE]
	at org.springframework.context.annotation.ConfigurationClassParser$SourceClass.getInterfaces(ConfigurationClassParser.java:870) ~[spring-context-4.3.10.RELEASE.jar:4.3.10.RELEASE]
	at org.springframework.context.annotation.ConfigurationClassParser.processInterfaces(ConfigurationClassParser.java:363) ~[spring-context-4.3.10.RELEASE.jar:4.3.10.RELEASE]
	at org.springframework.context.annotation.ConfigurationClassParser.doProcessConfigurationClass(ConfigurationClassParser.java:320) ~[spring-context-4.3.10.RELEASE.jar:4.3.10.RELEASE]
	at org.springframework.context.annotation.ConfigurationClassParser.processConfigurationClass(ConfigurationClassParser.java:245) ~[spring-context-4.3.10.RELEASE.jar:4.3.10.RELEASE]
	at org.springframework.context.annotation.ConfigurationClassParser.parse(ConfigurationClassParser.java:190) ~[spring-context-4.3.10.RELEASE.jar:4.3.10.RELEASE]
	at org.springframework.context.annotation.ConfigurationClassParser.doProcessConfigurationClass(ConfigurationClassParser.java:292) ~[spring-context-4.3.10.RELEASE.jar:4.3.10.RELEASE]
	at org.springframework.context.annotation.ConfigurationClassParser.processConfigurationClass(ConfigurationClassParser.java:245) ~[spring-context-4.3.10.RELEASE.jar:4.3.10.RELEASE]
	at org.springframework.context.annotation.ConfigurationClassParser.parse(ConfigurationClassParser.java:198) ~[spring-context-4.3.10.RELEASE.jar:4.3.10.RELEASE]
	at org.springframework.context.annotation.ConfigurationClassParser.parse(ConfigurationClassParser.java:167) ~[spring-context-4.3.10.RELEASE.jar:4.3.10.RELEASE]
	... 13 common frames omitted

2018-08-23 20:12:43.832  INFO 10428 --- [main] com.agg.wx.open.WxOpenApplication        : Starting WxOpenApplication on smapple with PID 10428 (D:\IdeaProjects\weixin-java-open-demo\target\classes started by smapple in D:\IdeaProjects\weixin-java-open-demo)
2018-08-23 20:12:43.835  INFO 10428 --- [main] com.agg.wx.open.WxOpenApplication        : The following profiles are active: dev
2018-08-23 20:12:43.889  INFO 10428 --- [main] ationConfigEmbeddedWebApplicationContext : Refreshing org.springframework.boot.context.embedded.AnnotationConfigEmbeddedWebApplicationContext@682b2fa: startup date [Thu Aug 23 20:12:43 CST 2018]; root of context hierarchy
2018-08-23 20:12:44.466  INFO 10428 --- [main] f.a.AutowiredAnnotationBeanPostProcessor : JSR-330 'javax.inject.Inject' annotation found and supported for autowiring
2018-08-23 20:12:44.912  INFO 10428 --- [main] s.b.c.e.t.TomcatEmbeddedServletContainer : Tomcat initialized with port(s): 8088 (http)
2018-08-23 20:12:44.920  INFO 10428 --- [main] o.apache.catalina.core.StandardService   : Starting service [Tomcat]
2018-08-23 20:12:44.920  INFO 10428 --- [main] org.apache.catalina.core.StandardEngine  : Starting Servlet Engine: Apache Tomcat/8.5.16
2018-08-23 20:12:45.005  INFO 10428 --- [localhost-startStop-1] o.a.c.c.C.[Tomcat].[localhost].[/]       : Initializing Spring embedded WebApplicationContext
2018-08-23 20:12:45.005  INFO 10428 --- [localhost-startStop-1] o.s.web.context.ContextLoader            : Root WebApplicationContext: initialization completed in 1118 ms
2018-08-23 20:12:45.127  INFO 10428 --- [localhost-startStop-1] o.s.b.w.servlet.ServletRegistrationBean  : Mapping servlet: 'dispatcherServlet' to [/]
2018-08-23 20:12:45.131  INFO 10428 --- [localhost-startStop-1] o.s.b.w.servlet.FilterRegistrationBean   : Mapping filter: 'characterEncodingFilter' to: [/*]
2018-08-23 20:12:45.132  INFO 10428 --- [localhost-startStop-1] o.s.b.w.servlet.FilterRegistrationBean   : Mapping filter: 'hiddenHttpMethodFilter' to: [/*]
2018-08-23 20:12:45.132  INFO 10428 --- [localhost-startStop-1] o.s.b.w.servlet.FilterRegistrationBean   : Mapping filter: 'httpPutFormContentFilter' to: [/*]
2018-08-23 20:12:45.132  INFO 10428 --- [localhost-startStop-1] o.s.b.w.servlet.FilterRegistrationBean   : Mapping filter: 'requestContextFilter' to: [/*]
2018-08-23 20:12:46.148  INFO 10428 --- [main] s.w.s.m.m.a.RequestMappingHandlerAdapter : Looking for @ControllerAdvice: org.springframework.boot.context.embedded.AnnotationConfigEmbeddedWebApplicationContext@682b2fa: startup date [Thu Aug 23 20:12:43 CST 2018]; root of context hierarchy
2018-08-23 20:12:46.197  INFO 10428 --- [main] s.w.s.m.m.a.RequestMappingHandlerMapping : Mapped "{[/]}" onto public java.lang.String com.agg.wx.open.controller.InedxController.index()
2018-08-23 20:12:46.201  INFO 10428 --- [main] s.w.s.m.m.a.RequestMappingHandlerMapping : Mapped "{[/template/deleteTemplate],methods=[GET]}" onto public java.lang.String com.agg.wx.open.controller.MaTemplateController.deleteTemplate(java.lang.String,java.lang.String)
2018-08-23 20:12:46.201  INFO 10428 --- [main] s.w.s.m.m.a.RequestMappingHandlerMapping : Mapped "{[/template/getTemplateList],methods=[GET]}" onto public cn.binarywang.wx.miniapp.bean.template.WxMaTemplateListResult com.agg.wx.open.controller.MaTemplateController.getTemplateList(java.lang.String,java.lang.Integer,java.lang.Integer)
2018-08-23 20:12:46.201  INFO 10428 --- [main] s.w.s.m.m.a.RequestMappingHandlerMapping : Mapped "{[/template/addToTemplate],methods=[GET]}" onto public java.lang.String com.agg.wx.open.controller.MaTemplateController.addToTemplate(java.lang.String,java.lang.String)
2018-08-23 20:12:46.209  INFO 10428 --- [main] s.w.s.m.m.a.RequestMappingHandlerMapping : Mapped "{[/api/release],methods=[GET]}" onto public java.lang.String com.agg.wx.open.controller.WechatApiController.release(java.lang.String)
2018-08-23 20:12:46.210  INFO 10428 --- [main] s.w.s.m.m.a.RequestMappingHandlerMapping : Mapped "{[/api/deleteTemplate],methods=[GET]}" onto public java.lang.String com.agg.wx.open.controller.WechatApiController.deleteTemplate(java.lang.Long)
2018-08-23 20:12:46.210  INFO 10428 --- [main] s.w.s.m.m.a.RequestMappingHandlerMapping : Mapped "{[/api/auth/goto_auth_url],methods=[GET]}" onto public void com.agg.wx.open.controller.WechatApiController.gotoPreAuthUrl(javax.servlet.http.HttpServletRequest,javax.servlet.http.HttpServletResponse)
2018-08-23 20:12:46.210  INFO 10428 --- [main] s.w.s.m.m.a.RequestMappingHandlerMapping : Mapped "{[/api/modifyDomain],methods=[GET]}" onto public cn.binarywang.wx.miniapp.bean.WxMaDomainAction com.agg.wx.open.controller.WechatApiController.modifyDomain(java.lang.String,java.lang.String)
2018-08-23 20:12:46.210  INFO 10428 --- [main] s.w.s.m.m.a.RequestMappingHandlerMapping : Mapped "{[/api/auth/jump],methods=[GET]}" onto public me.chanjar.weixin.open.bean.result.WxOpenQueryAuthResult com.agg.wx.open.controller.WechatApiController.jump(java.lang.String)
2018-08-23 20:12:46.211  INFO 10428 --- [main] s.w.s.m.m.a.RequestMappingHandlerMapping : Mapped "{[/api/getTemplateList],methods=[GET]}" onto public java.util.List<me.chanjar.weixin.open.bean.WxOpenMaCodeTemplate> com.agg.wx.open.controller.WechatApiController.getTemplateList()
2018-08-23 20:12:46.211  INFO 10428 --- [main] s.w.s.m.m.a.RequestMappingHandlerMapping : Mapped "{[/api/getAuthList],methods=[GET]}" onto public java.util.List<com.agg.wx.open.entity.WeappAuth> com.agg.wx.open.controller.WechatApiController.getAuthList(java.lang.String)
2018-08-23 20:12:46.211  INFO 10428 --- [main] s.w.s.m.m.a.RequestMappingHandlerMapping : Mapped "{[/api/addToTemplate],methods=[GET]}" onto public java.lang.String com.agg.wx.open.controller.WechatApiController.addToTemplate(java.lang.Long)
2018-08-23 20:12:46.211  INFO 10428 --- [main] s.w.s.m.m.a.RequestMappingHandlerMapping : Mapped "{[/api/setWebViewDomain],methods=[GET]}" onto public cn.binarywang.wx.miniapp.bean.WxMaDomainAction com.agg.wx.open.controller.WechatApiController.setWebViewDomain(java.lang.String,java.lang.String)
2018-08-23 20:12:46.212  INFO 10428 --- [main] s.w.s.m.m.a.RequestMappingHandlerMapping : Mapped "{[/api/getAuditStatus],methods=[GET]}" onto public cn.binarywang.wx.miniapp.bean.code.WxMaCodeAuditStatus com.agg.wx.open.controller.WechatApiController.getAuditStatus(java.lang.String,java.lang.Long)
2018-08-23 20:12:46.212  INFO 10428 --- [main] s.w.s.m.m.a.RequestMappingHandlerMapping : Mapped "{[/api/unbindTester],methods=[GET]}" onto public java.lang.String com.agg.wx.open.controller.WechatApiController.unbindTester(java.lang.String,java.lang.String)
2018-08-23 20:12:46.212  INFO 10428 --- [main] s.w.s.m.m.a.RequestMappingHandlerMapping : Mapped "{[/api/memberauth],methods=[GET]}" onto public java.lang.String com.agg.wx.open.controller.WechatApiController.memberauth(java.lang.String)
2018-08-23 20:12:46.215  INFO 10428 --- [main] s.w.s.m.m.a.RequestMappingHandlerMapping : Mapped "{[/api/submitAudit],methods=[GET]}" onto public java.lang.String com.agg.wx.open.controller.WechatApiController.submitAudit(java.lang.String,java.lang.String,java.lang.String)
2018-08-23 20:12:46.215  INFO 10428 --- [main] s.w.s.m.m.a.RequestMappingHandlerMapping : Mapped "{[/api/getQrCode],methods=[GET]}" onto public void com.agg.wx.open.controller.WechatApiController.getQrCode(java.lang.String,javax.servlet.http.HttpServletResponse)
2018-08-23 20:12:46.216  INFO 10428 --- [main] s.w.s.m.m.a.RequestMappingHandlerMapping : Mapped "{[/api/undoCodeAudit],methods=[GET]}" onto public java.lang.String com.agg.wx.open.controller.WechatApiController.undoCodeAudit(java.lang.String)
2018-08-23 20:12:46.216  INFO 10428 --- [main] s.w.s.m.m.a.RequestMappingHandlerMapping : Mapped "{[/api/bindTester],methods=[GET]}" onto public java.lang.String com.agg.wx.open.controller.WechatApiController.bindTester(java.lang.String,java.lang.String)
2018-08-23 20:12:46.216  INFO 10428 --- [main] s.w.s.m.m.a.RequestMappingHandlerMapping : Mapped "{[/api/commit],methods=[GET]}" onto public java.lang.String com.agg.wx.open.controller.WechatApiController.commit(java.lang.String,java.lang.Long,java.lang.String,java.lang.String,java.lang.String)
2018-08-23 20:12:46.216  INFO 10428 --- [main] s.w.s.m.m.a.RequestMappingHandlerMapping : Mapped "{[/api/getTemplateDraftList],methods=[GET]}" onto public java.util.List<me.chanjar.weixin.open.bean.WxOpenMaCodeTemplate> com.agg.wx.open.controller.WechatApiController.getTemplateDraftList()
2018-08-23 20:12:46.216  INFO 10428 --- [main] s.w.s.m.m.a.RequestMappingHandlerMapping : Mapped "{[/api/changeVisitStatus],methods=[GET]}" onto public java.lang.String com.agg.wx.open.controller.WechatApiController.changeVisitStatus(java.lang.String,java.lang.String)
2018-08-23 20:12:46.217  INFO 10428 --- [main] s.w.s.m.m.a.RequestMappingHandlerMapping : Mapped "{[/api/getAuthorizerInfo],methods=[GET]}" onto public me.chanjar.weixin.open.bean.result.WxOpenAuthorizerInfoResult com.agg.wx.open.controller.WechatApiController.getAuthorizerInfo(java.lang.String)
2018-08-23 20:12:46.217  INFO 10428 --- [main] s.w.s.m.m.a.RequestMappingHandlerMapping : Mapped "{[/api/revertCodeRelease],methods=[GET]}" onto public java.lang.String com.agg.wx.open.controller.WechatApiController.revertCodeRelease(java.lang.String)
2018-08-23 20:12:46.217  INFO 10428 --- [main] s.w.s.m.m.a.RequestMappingHandlerMapping : Mapped "{[/api/auth/goto_auth_url_show],methods=[GET]}" onto public java.lang.String com.agg.wx.open.controller.WechatApiController.gotoPreAuthUrlShow()
2018-08-23 20:12:46.217  INFO 10428 --- [main] s.w.s.m.m.a.RequestMappingHandlerMapping : Mapped "{[/api/getLatestAuditStatus],methods=[GET]}" onto public cn.binarywang.wx.miniapp.bean.code.WxMaCodeAuditStatus com.agg.wx.open.controller.WechatApiController.getLatestAuditStatus(java.lang.String)
2018-08-23 20:12:46.218  INFO 10428 --- [main] s.w.s.m.m.a.RequestMappingHandlerMapping : Mapped "{[/notify/{appId}/callback]}" onto public java.lang.Object com.agg.wx.open.controller.WechatNotifyController.callback(java.lang.String,java.lang.String,java.lang.String,java.lang.String,java.lang.String,java.lang.String,java.lang.String,java.lang.String)
2018-08-23 20:12:46.218  INFO 10428 --- [main] s.w.s.m.m.a.RequestMappingHandlerMapping : Mapped "{[/notify/receive_ticket]}" onto public java.lang.Object com.agg.wx.open.controller.WechatNotifyController.receiveTicket(java.lang.String,java.lang.String,java.lang.String,java.lang.String,java.lang.String,java.lang.String)
2018-08-23 20:12:46.219  INFO 10428 --- [main] s.w.s.m.m.a.RequestMappingHandlerMapping : Mapped "{[/error]}" onto public org.springframework.http.ResponseEntity<java.util.Map<java.lang.String, java.lang.Object>> org.springframework.boot.autoconfigure.web.BasicErrorController.error(javax.servlet.http.HttpServletRequest)
2018-08-23 20:12:46.220  INFO 10428 --- [main] s.w.s.m.m.a.RequestMappingHandlerMapping : Mapped "{[/error],produces=[text/html]}" onto public org.springframework.web.servlet.ModelAndView org.springframework.boot.autoconfigure.web.BasicErrorController.errorHtml(javax.servlet.http.HttpServletRequest,javax.servlet.http.HttpServletResponse)
2018-08-23 20:12:46.238  INFO 10428 --- [main] o.s.w.s.handler.SimpleUrlHandlerMapping  : Mapped URL path [/webjars/**] onto handler of type [class org.springframework.web.servlet.resource.ResourceHttpRequestHandler]
2018-08-23 20:12:46.239  INFO 10428 --- [main] o.s.w.s.handler.SimpleUrlHandlerMapping  : Mapped URL path [/**] onto handler of type [class org.springframework.web.servlet.resource.ResourceHttpRequestHandler]
2018-08-23 20:12:46.267  INFO 10428 --- [main] o.s.w.s.handler.SimpleUrlHandlerMapping  : Mapped URL path [/**/favicon.ico] onto handler of type [class org.springframework.web.servlet.resource.ResourceHttpRequestHandler]
2018-08-23 20:12:46.283  INFO 10428 --- [main] oConfiguration$WelcomePageHandlerMapping : Adding welcome page: class path resource [static/index.html]
2018-08-23 20:12:46.470  INFO 10428 --- [main] o.s.j.e.a.AnnotationMBeanExporter        : Registering beans for JMX exposure on startup
2018-08-23 20:12:46.516  INFO 10428 --- [main] s.b.c.e.t.TomcatEmbeddedServletContainer : Tomcat started on port(s): 8088 (http)
2018-08-23 20:12:46.519  INFO 10428 --- [main] com.agg.wx.open.WxOpenApplication        : Started WxOpenApplication in 3.153 seconds (JVM running for 4.346)
